d:\documents\visual studio 2017\projects\project2\project2\debug\vc141.pdb
d:\documents\visual studio 2017\projects\project2\project2\debug\vc141.idb
d:\documents\visual studio 2017\projects\project2\project2\debug\operat.obj
d:\documents\visual studio 2017\projects\project2\project2\debug\white.obj
d:\documents\visual studio 2017\projects\project2\project2\debug\wui.obj
d:\documents\visual studio 2017\projects\project2\debug\project2.ilk
d:\documents\visual studio 2017\projects\project2\debug\project2.exe
d:\documents\visual studio 2017\projects\project2\debug\project2.pdb
d:\desktop\project2\project2\debug\operat.obj
d:\desktop\project2\project2\debug\white.obj
d:\desktop\project2\project2\debug\wui.obj
d:\desktop\project2\project2\debug\vc141.idb
d:\desktop\project2\project2\debug\vc141.pdb
d:\desktop\project2\debug\project2.pdb
d:\desktop\project2\debug\project2.exe
d:\desktop\project2\debug\project2.ilk
d:\desktop\project2\project2\debug\project2.tlog\cl.command.1.tlog
d:\desktop\project2\project2\debug\project2.tlog\cl.read.1.tlog
d:\desktop\project2\project2\debug\project2.tlog\cl.write.1.tlog
d:\desktop\project2\project2\debug\project2.tlog\link.command.1.tlog
d:\desktop\project2\project2\debug\project2.tlog\link.read.1.tlog
d:\desktop\project2\project2\debug\project2.tlog\link.write.1.tlog
